<?xml version="1.0" encoding="utf-8"?><testsuites name="pytest tests"><testsuite name="pytest" errors="0" failures="0" skipped="0" tests="12" time="5.375" timestamp="2026-03-10T20:57:18.579932+09:00" hostname="macui-MacBook.local"><testcase classname="tests.test_agent_chat_api" name="test_agent_chat_success_and_source_dedupe" time="0.033" /><testcase classname="tests.test_agent_chat_api" name="test_agent_chat_adds_catalog_evidence_when_missing" time="0.013" /><testcase classname="tests.test_agent_chat_api" name="test_agent_chat_passes_request_id_for_image" time="0.016" /><testcase classname="tests.test_agent_chat_api" name="test_agent_chat_defaults_update_milvus_to_false" time="0.011" /><testcase classname="tests.test_agent_chat_api" name="test_agent_chat_accepts_explicit_update_milvus_true" time="0.013" /><testcase classname="tests.test_agent_chat_api" name="test_agent_chat_returns_500_detail_on_service_error" time="0.023" /><testcase classname="tests.test_agent_chat_api" name="test_agent_chat_rejects_too_large_image" time="0.014" /><testcase classname="tests.test_api_endpoints" name="test_hybrid_search_success" time="0.021" /><testcase classname="tests.test_api_endpoints" name="test_hybrid_search_rejects_too_large_image" time="0.017" /><testcase classname="tests.test_api_endpoints" name="test_catalog_search_success" time="0.016" /><testcase classname="tests.test_api_endpoints" name="test_auth_disabled_login_returns_400" time="0.013" /><testcase classname="tests.test_api_endpoints" name="test_auth_enabled_login_and_me" time="0.012" /></testsuite></testsuites>