<?xml version="1.0" encoding="utf-8"?><testsuites name="pytest tests"><testsuite name="pytest" errors="0" failures="0" skipped="0" tests="4" time="0.101" timestamp="2026-03-10T20:57:18.589750+09:00" hostname="macui-MacBook.local"><testcase classname="tests.test_metadata_normalizer" name="test_metadata_normalizer_normalizes_known_fields" time="0.005" /><testcase classname="tests.test_metadata_normalizer" name="test_metadata_normalizer_skips_none_values" time="0.001" /><testcase classname="tests.test_tracker_dataset" name="test_tracker_dataset_load_and_lookup" time="0.008" /><testcase classname="tests.test_tracker_dataset" name="test_tracker_dataset_validates_required_columns" time="0.002" /></testsuite></testsuites>